<?xml version="1.0" encoding="UTF-8"?>
<testsuite name="com.slcube.book.springboot.web.dto.HelloResponseDtoTest" tests="1" skipped="0" failures="0" errors="0" timestamp="2022-06-23T14:57:32" hostname="DESKTOP-60L3JMT" time="0.054">
  <properties/>
  <testcase name="롬복_기능_테스트" classname="com.slcube.book.springboot.web.dto.HelloResponseDtoTest" time="0.054"/>
  <system-out><![CDATA[]]></system-out>
  <system-err><![CDATA[]]></system-err>
</testsuite>
